INFO:root:
Selector: High Level Ordering of Strategies
| Sequence: Numerical Strategy
| | Check: check_numerical_attributes
| | Action: htn_information
| Sequence: Greedy Strategy
| | Check: check_greedy_attributes
| | Action: greedy_information
| Sequence: Nlp Strategy
| | Check: check_nlp_attributes
| | Action: nlp_information

DEBUG:root:Executing:Selector: High Level Ordering of Strategies
DEBUG:root:Executing:Sequence: Numerical Strategy
DEBUG:root:Executing:Check: check_numerical_attributes
DEBUG:root:Result: Check: check_numerical_attributes -> Success
DEBUG:root:Executing:Action: htn_information
DEBUG:root:Result: Action: htn_information -> Failure
DEBUG:root:Result: Sequence: Numerical Strategy -> Failure
DEBUG:root:Executing:Sequence: Greedy Strategy
DEBUG:root:Executing:Check: check_greedy_attributes
DEBUG:root:Result: Check: check_greedy_attributes -> Success
DEBUG:root:Executing:Action: greedy_information
DEBUG:root:Result: Action: greedy_information -> Failure
DEBUG:root:Result: Sequence: Greedy Strategy -> Failure
DEBUG:root:Executing:Sequence: Nlp Strategy
DEBUG:root:Executing:Check: check_nlp_attributes
DEBUG:root:Result: Check: check_nlp_attributes -> Failure
DEBUG:root:Result: Sequence: Nlp Strategy -> Failure
DEBUG:root:Result: Selector: High Level Ordering of Strategies -> Failure
